<?xml version="1.0" encoding="UTF-8"?>
<!-- Generated by org.testng.reporters.JUnitXMLReporter -->
<testsuite hostname="NORIHUELA10" ignored="0" name="Default test" tests="5" failures="0" timestamp="2020-04-03T20:10:34 ART" time="20.27" errors="0">
  <testcase name="crearCuentaInvalida" time="4.244" classname="pruebas.Test_Laboratorio4_E1"/>
  <testcase name="crearCuentaInvalida" time="3.04" classname="pruebas.Test_Laboratorio4_E1"/>
  <testcase name="crearCuentaInvalida" time="3.123" classname="pruebas.Test_Laboratorio4_E1"/>
  <testcase name="crearCuentaInvalida" time="2.909" classname="pruebas.Test_Laboratorio4_E1"/>
  <testcase name="crearCuentaInvalida" time="2.298" classname="pruebas.Test_Laboratorio4_E1"/>
</testsuite> <!-- Default test -->
