<?xml version="1.0" encoding="UTF-8"?>
<!-- Generated by org.testng.reporters.JUnitXMLReporter -->
<testsuite hostname="NORIHUELA10" ignored="1" name="Test" tests="3" failures="0" timestamp="2020-03-25T20:21:17 ART" time="33.061" errors="0">
  <testcase name="irRegistroLogin" time="10.906" classname="pruebas.Laboratorio3_E2"/>
  <testcase name="crearCuentaInvalida" time="1.461" classname="pruebas.Laboratorio3_E2"/>
  <testcase name="registroFacebook" time="2.026" classname="pruebas.Laboratorio3_E1"/>
  <testcase name="verificarLink" time="0.0" classname="pruebas.Laboratorio3_E1">
    <ignored/>
  </testcase> <!-- verificarLink -->
</testsuite> <!-- Test -->
